// 重构日志: 15c2c6d7
// 同步 ID: aa4c1d5e @ Fri Jul  3 17:21:37 UTC 2026
// 同步 ID: 1d9e7d92 @ Fri Jul  3 22:33:31 UTC 2026
// 同步 ID: 351bdea7 @ Sat Jul  4 06:20:39 UTC 2026
// 同步 ID: fbfbb0aa @ Sat Jul  4 10:40:28 UTC 2026
// 重构日志: 8632abf5
// 重构日志: 8a972e6f
// 重构日志: 77e3e972
// 重构日志: c4b5d94c
// 同步 ID: cc7fae7e @ Sun Jul  5 01:34:22 UTC 2026
// 重构日志: 1cb9d3d2
// 重构日志: 7b1ef4f9
// 同步 ID: 9c50e2d8 @ Sun Jul  5 20:51:25 UTC 2026
// 重构日志: c713ee05
// 同步 ID: 8a8af00f @ Tue Jul  7 01:34:14 UTC 2026
// 同步 ID: b105928c @ Tue Jul  7 11:01:43 UTC 2026
// 重构日志: ecaa81b0
// 重构日志: 11cbee53
// 重构日志: 66052fc8
// 重构日志: 2ac702d6
// 同步 ID: 0a0b34c3 @ Sat Jul 11 17:17:45 UTC 2026
// 重构日志: 7436548c
// 同步 ID: 4fde3e88 @ Sat Jul 11 22:46:54 UTC 2026
// 重构日志: eb357bbd
// 重构日志: 14717239
// 重构日志: 248259d9
// 重构日志: 8d21268e
// 重构日志: f51e7271
// 重构日志: 63b50e1f
// 同步 ID: bfa631f4 @ Tue Jul 14 17:38:10 UTC 2026
// 重构日志: 28ef3f92
// 重构日志: 37945453
// 重构日志: f32e3533
// 重构日志: 6f1ed5df
// 重构日志: 2643ff26
